<?xml version="1.0" encoding="utf-8"?><testsuites><testsuite name="pytest" errors="0" failures="0" skipped="0" tests="6" time="0.856" timestamp="2022-08-09T12:26:11.687517" hostname="adams-mbp.lan"><testcase classname="pywhy_graphs.tests.test_admg.TestCPDAG" name="test_children_and_parents" time="0.714" /><testcase classname="pywhy_graphs.tests.test_admg.TestCPDAG" name="test_size" time="0.000" /><testcase classname="pywhy_graphs.tests.test_admg.TestADMG" name="test_children_and_parents" time="0.001" /><testcase classname="pywhy_graphs.tests.test_admg.TestADMG" name="test_size" time="0.000" /><testcase classname="pywhy_graphs.tests.test_admg.TestADMG" name="test_bidirected_edge" time="0.001" /><testcase classname="pywhy_graphs.tests.test_admg.TestADMG" name="test_c_components" time="0.001" /></testsuite></testsuites>